2026-03-23 20:19:11,478 - db_helper - INFO - fetch_expense_summary called with start date 2024-08-1 and end date 2024-08-10
2026-03-23 20:30:23,246 - db_helper - INFO - fetch_expenses_for_date called with 2024-08-02
2026-03-23 20:31:17,587 - db_helper - INFO - delete_expenses_for_date called with 2024-08-02
2026-03-23 20:31:17,630 - db_helper - INFO - insert_expense called with expense date:2024-08-02, amount: 800.0, category: Food, notes: Merced
2026-03-23 20:31:17,650 - db_helper - INFO - insert_expense called with expense date:2024-08-02, amount: 150.0, category: Food, notes: Chocolate for the week
2026-03-24 19:38:42,422 - db_helper - INFO - fetch_expenses_for_date called with 2024-08-01
2026-03-24 19:38:55,981 - db_helper - INFO - fetch_expenses_for_date called with 2024-08-08
2026-03-24 19:39:28,184 - db_helper - INFO - fetch_expenses_for_date called with 2024-08-01
2026-03-24 19:39:32,375 - db_helper - INFO - fetch_expenses_for_date called with 2024-08-02
2026-03-24 19:41:51,735 - db_helper - INFO - fetch_expenses_for_date called with 2024-08-02
2026-03-24 19:50:25,031 - db_helper - INFO - fetch_expenses_for_date called with 2024-08-01
2026-03-24 19:50:30,830 - db_helper - INFO - fetch_expenses_for_date called with 2024-08-16
2026-03-24 19:50:35,308 - db_helper - INFO - fetch_expenses_for_date called with 2024-08-10
2026-03-24 19:50:39,628 - db_helper - INFO - fetch_expenses_for_date called with 2024-08-02
2026-03-24 19:50:44,996 - db_helper - INFO - fetch_expenses_for_date called with 2024-08-03
2026-03-25 02:40:23,912 - db_helper - INFO - fetch_expenses_for_date called with 2024-08-01
2026-03-25 02:43:09,720 - db_helper - INFO - fetch_expenses_for_date called with 2024-08-01
2026-03-25 02:43:22,435 - db_helper - INFO - fetch_expenses_for_date called with 2024-08-10
2026-03-25 02:44:56,359 - db_helper - INFO - fetch_expenses_for_date called with 2024-08-10
2026-03-25 02:46:50,971 - db_helper - INFO - fetch_expenses_for_date called with 2024-08-10
2026-03-25 02:47:36,037 - db_helper - INFO - fetch_expenses_for_date called with 2024-08-10
2026-03-25 02:52:23,024 - db_helper - INFO - fetch_expenses_for_date called with 2024-08-10
2026-03-25 02:59:22,200 - db_helper - INFO - fetch_expenses_for_date called with 2024-08-10
2026-03-25 02:59:27,187 - db_helper - INFO - fetch_expenses_for_date called with 2024-08-02
2026-03-25 02:59:44,253 - db_helper - INFO - fetch_expenses_for_date called with 2024-08-01
2026-03-25 02:59:47,363 - db_helper - INFO - fetch_expenses_for_date called with 2024-08-01
2026-03-25 03:00:33,112 - db_helper - INFO - fetch_expenses_for_date called with 2024-08-01
2026-03-25 03:00:38,712 - db_helper - INFO - fetch_expenses_for_date called with 2024-08-23
2026-03-25 03:02:59,147 - db_helper - INFO - fetch_expenses_for_date called with 2024-08-01
2026-03-25 03:04:08,794 - db_helper - INFO - fetch_expenses_for_date called with 2024-08-02
2026-03-25 03:05:01,921 - db_helper - INFO - fetch_expenses_for_date called with 2024-08-02
2026-03-25 03:08:29,576 - db_helper - INFO - fetch_expenses_for_date called with 2024-08-02
2026-03-25 03:15:06,601 - db_helper - INFO - delete_expenses_for_date called with 2024-08-02
2026-03-25 03:15:06,702 - db_helper - INFO - insert_expense called with expense date:2024-08-02, amount: 800.0, category: Food, notes: Merced
2026-03-25 03:15:06,739 - db_helper - INFO - insert_expense called with expense date:2024-08-02, amount: 150.0, category: Food, notes: Chocolate for the week
2026-03-25 03:15:29,857 - db_helper - INFO - fetch_expenses_for_date called with 2024-08-03
2026-03-25 03:15:38,893 - db_helper - INFO - fetch_expenses_for_date called with 2025-08-02
2026-03-25 03:19:30,342 - db_helper - INFO - fetch_expenses_for_date called with 2025-08-02
2026-03-25 03:21:22,280 - db_helper - INFO - fetch_expenses_for_date called with 2024-08-01
2026-03-25 03:21:28,528 - db_helper - INFO - fetch_expenses_for_date called with 2024-08-02
2026-03-25 03:21:34,724 - db_helper - INFO - fetch_expenses_for_date called with 2024-08-02
2026-03-25 03:21:35,621 - db_helper - INFO - fetch_expenses_for_date called with 2024-08-02
2026-03-25 03:21:38,736 - db_helper - INFO - fetch_expenses_for_date called with 2024-08-09
2026-03-25 03:22:13,497 - db_helper - INFO - fetch_expenses_for_date called with 2024-08-02
2026-03-25 03:22:19,503 - db_helper - INFO - fetch_expenses_for_date called with 2024-08-01
2026-03-25 03:22:36,416 - db_helper - INFO - fetch_expenses_for_date called with 2024-08-01
2026-03-25 03:22:44,336 - db_helper - INFO - fetch_expenses_for_date called with 2024-08-02
2026-03-25 03:23:33,134 - db_helper - INFO - fetch_expenses_for_date called with 2024-08-02
2026-03-25 03:23:35,345 - db_helper - INFO - fetch_expenses_for_date called with 2024-08-02
2026-03-25 03:23:35,626 - db_helper - INFO - fetch_expenses_for_date called with 2024-08-02
2026-03-25 03:23:35,832 - db_helper - INFO - fetch_expenses_for_date called with 2024-08-02
2026-03-25 03:23:36,031 - db_helper - INFO - fetch_expenses_for_date called with 2024-08-02
2026-03-25 03:23:36,239 - db_helper - INFO - fetch_expenses_for_date called with 2024-08-02
2026-03-25 03:23:36,399 - db_helper - INFO - fetch_expenses_for_date called with 2024-08-02
2026-03-25 03:23:40,127 - db_helper - INFO - fetch_expenses_for_date called with 2024-08-01
2026-03-25 03:23:43,799 - db_helper - INFO - fetch_expenses_for_date called with 2024-08-01
2026-03-25 03:23:48,239 - db_helper - INFO - fetch_expenses_for_date called with 2024-08-02
2026-03-25 03:23:49,791 - db_helper - INFO - fetch_expenses_for_date called with 2024-08-22
2026-03-25 03:25:09,315 - db_helper - INFO - fetch_expenses_for_date called with 2024-08-01
2026-03-25 03:25:12,576 - db_helper - INFO - fetch_expenses_for_date called with 2024-08-02
2026-03-25 03:25:13,950 - db_helper - INFO - fetch_expenses_for_date called with 2024-08-01
2026-03-25 03:25:16,972 - db_helper - INFO - fetch_expenses_for_date called with 2024-08-02
2026-03-25 03:25:21,134 - db_helper - INFO - fetch_expenses_for_date called with 2024-08-01
2026-03-25 03:25:26,088 - db_helper - INFO - fetch_expenses_for_date called with 2024-08-02
2026-03-25 03:26:35,700 - db_helper - INFO - fetch_expenses_for_date called with 2024-08-03
2026-03-25 03:26:41,027 - db_helper - INFO - fetch_expenses_for_date called with 2024-08-03
2026-03-25 03:26:41,578 - db_helper - INFO - fetch_expenses_for_date called with 2024-08-03
2026-03-25 03:26:41,767 - db_helper - INFO - fetch_expenses_for_date called with 2024-08-03
2026-03-25 03:26:41,943 - db_helper - INFO - fetch_expenses_for_date called with 2024-08-03
2026-03-25 03:26:44,092 - db_helper - INFO - fetch_expenses_for_date called with 2024-08-01
2026-03-25 03:26:47,099 - db_helper - INFO - fetch_expenses_for_date called with 2024-08-17
2026-03-25 03:27:05,390 - db_helper - INFO - fetch_expenses_for_date called with 2024-08-02
2026-03-25 03:28:17,889 - db_helper - INFO - fetch_expenses_for_date called with 2024-08-01
2026-03-25 03:28:20,547 - db_helper - INFO - fetch_expenses_for_date called with 2024-08-08
2026-03-25 03:29:10,747 - db_helper - INFO - fetch_expenses_for_date called with 2024-08-01
2026-03-25 03:29:13,767 - db_helper - INFO - fetch_expenses_for_date called with 2024-08-02
2026-03-25 03:29:20,738 - db_helper - INFO - fetch_expenses_for_date called with 2024-08-02
2026-03-25 03:29:44,528 - db_helper - INFO - fetch_expenses_for_date called with 2024-08-03
2026-03-25 03:29:52,455 - db_helper - INFO - fetch_expenses_for_date called with 2024-08-03
2026-03-25 03:30:02,386 - db_helper - INFO - fetch_expenses_for_date called with 2024-08-01
2026-03-25 03:30:07,208 - db_helper - INFO - fetch_expenses_for_date called with 2024-08-03
2026-03-25 03:34:05,024 - db_helper - INFO - fetch_expenses_for_date called with 2024-08-03
2026-03-25 03:34:12,231 - db_helper - INFO - fetch_expenses_for_date called with 2024-08-10
2026-03-25 03:34:16,146 - db_helper - INFO - fetch_expenses_for_date called with 2024-08-02
2026-03-25 03:35:40,201 - db_helper - INFO - fetch_expenses_for_date called with 2024-08-03
2026-03-25 03:35:49,263 - db_helper - INFO - fetch_expenses_for_date called with 2024-08-03
2026-03-25 03:35:55,373 - db_helper - INFO - fetch_expenses_for_date called with 2024-08-01
2026-03-25 03:41:14,588 - db_helper - INFO - fetch_expenses_for_date called with 2024-08-01
2026-03-25 03:41:19,598 - db_helper - INFO - fetch_expenses_for_date called with 2024-08-02
2026-03-25 03:41:22,645 - db_helper - INFO - fetch_expenses_for_date called with 2024-08-03
2026-03-25 03:43:57,518 - db_helper - INFO - fetch_expenses_for_date called with 2024-08-01
2026-03-25 03:44:01,010 - db_helper - INFO - fetch_expenses_for_date called with 2024-08-02
2026-03-25 03:44:06,071 - db_helper - INFO - fetch_expenses_for_date called with 2024-08-03
2026-03-25 03:47:30,516 - db_helper - INFO - fetch_expenses_for_date called with 2024-08-01
2026-03-25 03:47:35,047 - db_helper - INFO - fetch_expenses_for_date called with 2024-08-02
2026-03-25 03:47:39,849 - db_helper - INFO - fetch_expenses_for_date called with 2024-08-03
2026-03-25 03:47:43,669 - db_helper - INFO - fetch_expenses_for_date called with 2024-09-17
2026-03-25 03:50:29,024 - db_helper - INFO - fetch_expenses_for_date called with 2024-08-01
2026-03-25 03:50:34,004 - db_helper - INFO - fetch_expenses_for_date called with 2024-08-02
2026-03-25 03:50:36,766 - db_helper - INFO - fetch_expenses_for_date called with 2024-08-02
2026-03-25 03:51:26,275 - db_helper - INFO - fetch_expenses_for_date called with 2024-08-07
2026-03-25 03:52:01,680 - db_helper - INFO - fetch_expenses_for_date called with 2024-08-07
2026-03-25 03:52:07,817 - db_helper - INFO - fetch_expenses_for_date called with 2024-08-16
2026-03-25 03:52:11,409 - db_helper - INFO - fetch_expenses_for_date called with 2024-08-03
2026-03-25 04:02:46,413 - db_helper - INFO - fetch_expenses_for_date called with 2024-08-07
2026-03-25 17:53:28,008 - db_helper - INFO - fetch_expenses_for_date called with 2024-08-01
2026-03-25 17:53:34,020 - db_helper - INFO - fetch_expenses_for_date called with 2024-08-02
2026-03-25 17:53:50,053 - db_helper - INFO - fetch_expenses_for_date called with 2024-08-03
2026-03-25 17:54:55,307 - db_helper - INFO - fetch_expenses_for_date called with 2024-08-03
2026-03-25 17:55:03,982 - db_helper - INFO - fetch_expenses_for_date called with 2024-08-02
2026-03-25 17:55:24,581 - db_helper - INFO - fetch_expenses_for_date called with 2024-08-23
2026-03-25 17:55:27,343 - db_helper - INFO - fetch_expenses_for_date called with 2024-08-01
2026-03-25 17:55:49,956 - db_helper - INFO - fetch_expenses_for_date called with 2024-08-01
2026-03-25 17:55:54,187 - db_helper - INFO - fetch_expenses_for_date called with 2024-08-01
2026-03-25 17:56:03,469 - db_helper - INFO - fetch_expenses_for_date called with 2024-08-02
2026-03-25 17:56:08,842 - db_helper - INFO - fetch_expenses_for_date called with 2024-08-03
2026-03-25 18:07:07,496 - db_helper - INFO - fetch_expenses_for_date called with 2024-08-03
2026-03-25 18:07:24,017 - db_helper - INFO - fetch_expenses_for_date called with 2024-08-10
2026-03-25 18:07:28,709 - db_helper - INFO - fetch_expenses_for_date called with 2024-08-01
2026-03-25 18:07:48,471 - db_helper - INFO - fetch_expenses_for_date called with 2024-08-01
2026-03-25 18:07:53,794 - db_helper - INFO - fetch_expenses_for_date called with 2024-08-02
2026-03-25 18:07:59,108 - db_helper - INFO - fetch_expenses_for_date called with 2024-08-03
2026-03-25 18:12:14,055 - db_helper - INFO - fetch_expenses_for_date called with 2024-08-03
2026-03-25 18:12:23,498 - db_helper - INFO - fetch_expenses_for_date called with 2024-08-08
2026-03-25 18:12:27,828 - db_helper - INFO - fetch_expenses_for_date called with 2024-08-01
2026-03-25 18:12:31,942 - db_helper - INFO - fetch_expenses_for_date called with 2024-08-02
2026-03-25 18:12:35,092 - db_helper - INFO - fetch_expenses_for_date called with 2024-08-03
2026-03-25 18:18:12,398 - db_helper - INFO - fetch_expenses_for_date called with 2024-08-03
2026-03-25 18:18:19,795 - db_helper - INFO - fetch_expenses_for_date called with 2024-08-02
2026-03-25 18:18:25,534 - db_helper - INFO - fetch_expenses_for_date called with 2024-08-03
2026-03-25 18:18:55,725 - db_helper - INFO - fetch_expenses_for_date called with 2024-08-04
2026-03-25 18:25:18,875 - db_helper - INFO - fetch_expenses_for_date called with 2024-08-04
2026-03-25 18:25:22,925 - db_helper - INFO - fetch_expenses_for_date called with 2024-08-02
2026-03-25 18:25:26,693 - db_helper - INFO - fetch_expenses_for_date called with 2024-08-01
2026-03-25 18:25:28,996 - db_helper - INFO - fetch_expenses_for_date called with 2024-08-03
2026-03-25 18:25:33,768 - db_helper - INFO - fetch_expenses_for_date called with 2024-08-03
2026-03-25 18:25:33,926 - db_helper - INFO - delete_expenses_for_date called with 2024-08-03
2026-03-25 18:25:34,015 - db_helper - INFO - insert_expense called with expense date:2024-08-03, amount: 800.0, category: Food, notes: Popcorn
2026-03-25 18:25:34,061 - db_helper - INFO - insert_expense called with expense date:2024-08-03, amount: 150.0, category: Food, notes: Chocolate for the week
2026-03-25 18:25:37,648 - db_helper - INFO - fetch_expenses_for_date called with 2024-08-02
2026-03-25 18:25:39,926 - db_helper - INFO - fetch_expenses_for_date called with 2024-08-03
2026-03-25 18:25:41,779 - db_helper - INFO - fetch_expenses_for_date called with 2024-08-09
2026-03-25 18:25:50,292 - db_helper - INFO - fetch_expenses_for_date called with 2024-08-01
2026-03-25 18:29:27,523 - db_helper - INFO - fetch_expenses_for_date called with 2024-08-01
2026-03-25 18:29:27,634 - db_helper - INFO - delete_expenses_for_date called with 2024-08-01
2026-03-25 18:29:27,697 - db_helper - INFO - insert_expense called with expense date:2024-08-01, amount: 800.0, category: Food, notes: Popcorn
2026-03-25 18:29:27,734 - db_helper - INFO - insert_expense called with expense date:2024-08-01, amount: 150.0, category: Food, notes: Chocolate for the week
2026-03-25 18:29:27,759 - db_helper - INFO - insert_expense called with expense date:2024-08-01, amount: 4.0, category: Shopping, notes: esdsfdsfc
2026-03-25 18:29:34,226 - db_helper - INFO - fetch_expenses_for_date called with 2024-08-02
2026-03-25 18:29:37,999 - db_helper - INFO - fetch_expenses_for_date called with 2024-08-01
2026-03-25 18:29:40,617 - db_helper - INFO - fetch_expenses_for_date called with 2024-08-10
2026-03-25 18:29:43,923 - db_helper - INFO - fetch_expenses_for_date called with 2024-08-03
2026-03-25 19:24:39,352 - db_helper - INFO - fetch_expenses_for_date called with 2024-08-02
2026-03-25 19:34:17,283 - db_helper - INFO - fetch_expense_summary called with start date 2024-08-01 and end date 2024-08-10
2026-03-26 11:06:27,292 - db_helper - INFO - fetch_expense_summary called with start date 2024-08-01 and end date 2024-08-10
2026-03-26 11:20:55,776 - db_helper - INFO - fetch_expenses_for_date called with 2024-08-02
2026-03-26 11:22:39,587 - db_helper - INFO - fetch_expenses_for_date called with 2024-08-02
2026-03-26 11:29:52,768 - db_helper - INFO - fetch_expenses_for_date called with 2024-08-02
2026-03-26 11:29:54,453 - db_helper - INFO - fetch_expenses_for_date called with 2024-08-02
2026-03-26 11:29:54,502 - db_helper - INFO - fetch_expense_summary called with start date 2024-08-01 and end date 2024-08-10
2026-03-26 11:31:50,907 - db_helper - INFO - fetch_expenses_for_date called with 2024-08-02
2026-03-26 11:31:50,953 - db_helper - INFO - fetch_expense_summary called with start date 2024-08-01 and end date 2024-08-10
2026-03-26 11:32:37,645 - db_helper - INFO - fetch_expenses_for_date called with 2024-08-02
2026-03-26 11:32:40,700 - db_helper - INFO - fetch_expenses_for_date called with 2024-08-02
2026-03-26 11:32:40,739 - db_helper - INFO - fetch_expense_summary called with start date 2024-08-01 and end date 2024-08-10
2026-03-26 11:41:04,231 - db_helper - INFO - fetch_expenses_for_date called with 2024-08-02
2026-03-26 11:41:05,950 - db_helper - INFO - fetch_expenses_for_date called with 2024-08-02
2026-03-26 11:41:05,994 - db_helper - INFO - fetch_expense_summary called with start date 2024-08-01 and end date 2024-08-10
2026-03-26 11:44:35,386 - db_helper - INFO - fetch_expenses_for_date called with 2024-08-02
2026-03-26 11:44:38,631 - db_helper - INFO - fetch_expenses_for_date called with 2024-08-02
2026-03-26 11:44:38,690 - db_helper - INFO - fetch_expense_summary called with start date 2024-08-01 and end date 2024-08-10
2026-03-26 11:46:40,479 - db_helper - INFO - fetch_expenses_for_date called with 2024-08-02
2026-03-26 11:46:42,337 - db_helper - INFO - fetch_expenses_for_date called with 2024-08-02
2026-03-26 11:46:42,381 - db_helper - INFO - fetch_expense_summary called with start date 2024-08-01 and end date 2024-08-10
2026-03-26 11:53:45,068 - db_helper - INFO - fetch_expenses_for_date called with 2024-08-02
2026-03-26 11:53:48,256 - db_helper - INFO - fetch_expenses_for_date called with 2024-08-02
2026-03-26 11:53:48,301 - db_helper - INFO - fetch_expense_summary called with start date 2024-08-01 and end date 2024-08-10
2026-03-26 11:54:44,126 - db_helper - INFO - fetch_expenses_for_date called with 2024-08-02
2026-03-26 11:54:45,583 - db_helper - INFO - fetch_expenses_for_date called with 2024-08-02
2026-03-26 11:54:45,626 - db_helper - INFO - fetch_expense_summary called with start date 2024-08-01 and end date 2024-08-10
2026-03-26 11:54:57,228 - db_helper - INFO - fetch_expenses_for_date called with 2024-08-02
2026-03-26 11:55:00,883 - db_helper - INFO - fetch_expenses_for_date called with 2024-08-02
2026-03-26 11:55:00,924 - db_helper - INFO - fetch_expense_summary called with start date 2024-08-01 and end date 2024-08-10
2026-03-26 11:56:20,872 - db_helper - INFO - fetch_expenses_for_date called with 2024-08-02
2026-03-26 11:56:22,743 - db_helper - INFO - fetch_expenses_for_date called with 2024-08-02
2026-03-26 11:56:22,781 - db_helper - INFO - fetch_expense_summary called with start date 2024-08-01 and end date 2024-08-10
2026-03-26 11:58:15,948 - db_helper - INFO - fetch_expenses_for_date called with 2024-08-02
2026-03-26 11:58:17,875 - db_helper - INFO - fetch_expenses_for_date called with 2024-08-02
2026-03-26 11:58:17,922 - db_helper - INFO - fetch_expense_summary called with start date 2024-08-01 and end date 2024-08-10
2026-03-26 16:10:37,191 - db_helper - INFO - fetch_monthly_expenses called
2026-03-26 16:11:23,422 - db_helper - INFO - fetch_monthly_expenses called
2026-03-26 16:11:24,742 - db_helper - INFO - fetch_monthly_expenses called
2026-03-26 16:13:30,518 - db_helper - INFO - fetch_monthly_expenses called
2026-03-26 16:15:51,536 - db_helper - INFO - fetch_monthly_expenses called
2026-03-26 16:24:43,758 - db_helper - INFO - fetch_expenses_for_date called with 2024-08-02
2026-03-26 16:26:38,983 - db_helper - INFO - fetch_expenses_for_date called with 2024-08-02
2026-03-26 16:26:42,464 - db_helper - INFO - fetch_expenses_for_date called with 2024-08-02
2026-03-26 16:26:42,518 - db_helper - INFO - fetch_monthly_expenses called
2026-03-26 16:27:39,416 - db_helper - INFO - fetch_expenses_for_date called with 2024-08-02
2026-03-26 16:27:40,981 - db_helper - INFO - fetch_expenses_for_date called with 2024-08-02
2026-03-26 16:27:41,026 - db_helper - INFO - fetch_monthly_expenses called
2026-03-26 16:28:06,522 - db_helper - INFO - fetch_expenses_for_date called with 2024-08-02
2026-03-26 16:28:08,863 - db_helper - INFO - fetch_expenses_for_date called with 2024-08-02
2026-03-26 16:28:08,901 - db_helper - INFO - fetch_monthly_expenses called
2026-03-26 16:29:56,942 - db_helper - INFO - fetch_expenses_for_date called with 2024-08-02
2026-03-26 16:29:58,814 - db_helper - INFO - fetch_expenses_for_date called with 2024-08-02
2026-03-26 16:29:58,854 - db_helper - INFO - fetch_monthly_expenses called
2026-03-26 16:31:20,919 - db_helper - INFO - fetch_expenses_for_date called with 2024-08-02
2026-03-26 16:31:21,970 - db_helper - INFO - fetch_expenses_for_date called with 2024-08-02
2026-03-26 16:31:22,007 - db_helper - INFO - fetch_monthly_expenses called
2026-03-26 16:32:39,831 - db_helper - INFO - fetch_expenses_for_date called with 2024-08-02
2026-03-26 16:32:40,894 - db_helper - INFO - fetch_expenses_for_date called with 2024-08-02
2026-03-26 16:32:40,935 - db_helper - INFO - fetch_monthly_expenses called
2026-03-26 16:33:29,540 - db_helper - INFO - fetch_expenses_for_date called with 2024-08-02
2026-03-26 16:33:31,416 - db_helper - INFO - fetch_expenses_for_date called with 2024-08-02
2026-03-26 16:33:31,456 - db_helper - INFO - fetch_monthly_expenses called
2026-03-26 16:34:04,013 - db_helper - INFO - fetch_expenses_for_date called with 2024-08-02
2026-03-26 16:34:04,831 - db_helper - INFO - fetch_expenses_for_date called with 2024-08-02
2026-03-26 16:34:04,880 - db_helper - INFO - fetch_monthly_expenses called
2026-03-26 16:35:37,696 - db_helper - INFO - fetch_expenses_for_date called with 2024-08-02
2026-03-26 16:35:39,182 - db_helper - INFO - fetch_expenses_for_date called with 2024-08-02
2026-03-26 16:35:39,228 - db_helper - INFO - fetch_monthly_expenses called
2026-03-26 16:39:23,616 - db_helper - INFO - fetch_expenses_for_date called with 2024-08-02
2026-03-26 16:39:25,169 - db_helper - INFO - fetch_expenses_for_date called with 2024-08-02
2026-03-26 16:39:25,207 - db_helper - INFO - fetch_monthly_expenses called
2026-03-26 16:40:15,682 - db_helper - INFO - fetch_expenses_for_date called with 2024-08-02
2026-03-26 16:40:17,286 - db_helper - INFO - fetch_expenses_for_date called with 2024-08-02
2026-03-26 16:40:17,329 - db_helper - INFO - fetch_monthly_expenses called
2026-03-26 16:43:10,565 - db_helper - INFO - fetch_expenses_for_date called with 2024-08-02
2026-03-26 16:43:12,219 - db_helper - INFO - fetch_expenses_for_date called with 2024-08-02
2026-03-26 16:43:12,251 - db_helper - INFO - fetch_monthly_expenses called
